{"log":
 [{"message":
   ".> ELAN=elan ELAN_HOME=/Users/stefanlica/.elan ELAN_TOOLCHAIN=leanprover/lean4:v4.21.0-rc3 LAKE=/Users/stefanlica/.elan/toolchains/leanprover--lean4---v4.21.0-rc3/bin/lake LAKE_HOME=/Users/stefanlica/.elan/toolchains/leanprover--lean4---v4.21.0-rc3 LAKE_PKG_URL_MAP={} LEAN=/Users/stefanlica/.elan/toolchains/leanprover--lean4---v4.21.0-rc3/bin/lean LEAN_GITHASH=6741444a63eec253a7eae7a83f1beb3de015023d LEAN_SYSROOT=/Users/stefanlica/.elan/toolchains/leanprover--lean4---v4.21.0-rc3 LEAN_AR=/Users/stefanlica/.elan/toolchains/leanprover--lean4---v4.21.0-rc3/bin/llvm-ar LEAN_CC= LEAN_PATH=/Users/stefanlica/Desktop/Bachelor_Project_StefanLica/.lake/packages/batteries/.lake/build/lib/lean:/Users/stefanlica/Desktop/Bachelor_Project_StefanLica/.lake/packages/Qq/.lake/build/lib/lean:/Users/stefanlica/Desktop/Bachelor_Project_StefanLica/.lake/packages/aesop/.lake/build/lib/lean:/Users/stefanlica/Desktop/Bachelor_Project_StefanLica/.lake/packages/proofwidgets/.lake/build/lib/lean:/Users/stefanlica/Desktop/Bachelor_Project_StefanLica/.lake/packages/importGraph/.lake/build/lib/lean:/Users/stefanlica/Desktop/Bachelor_Project_StefanLica/.lake/packages/LeanSearchClient/.lake/build/lib/lean:/Users/stefanlica/Desktop/Bachelor_Project_StefanLica/.lake/packages/plausible/.lake/build/lib/lean:/Users/stefanlica/Desktop/Bachelor_Project_StefanLica/.lake/packages/mathlib/.lake/build/lib/lean:/Users/stefanlica/Desktop/Bachelor_Project_StefanLica/.lake/packages/MD4Lean/.lake/build/lib/lean:/Users/stefanlica/Desktop/Bachelor_Project_StefanLica/.lake/packages/BibtexQuery/.lake/build/lib/lean:/Users/stefanlica/Desktop/Bachelor_Project_StefanLica/.lake/packages/UnicodeBasic/.lake/build/lib/lean:/Users/stefanlica/Desktop/Bachelor_Project_StefanLica/.lake/packages/Cli/.lake/build/lib/lean:/Users/stefanlica/Desktop/Bachelor_Project_StefanLica/.lake/build/lib/lean:/Users/stefanlica/Desktop/Bachelor_Project_StefanLica/.lake/packages/doc-gen4/.lake/build/lib/lean:/Users/stefanlica/Desktop/Bachelor_Project_StefanLica/docbuild/.lake/build/lib/lean:/Users/stefanlica/.elan/toolchains/leanprover--lean4---v4.21.0-rc3/lib/lean LEAN_SRC_PATH=/Users/stefanlica/Desktop/Bachelor_Project_StefanLica/.lake/packages/batteries:/Users/stefanlica/Desktop/Bachelor_Project_StefanLica/.lake/packages/batteries:/Users/stefanlica/Desktop/Bachelor_Project_StefanLica/.lake/packages/Qq:/Users/stefanlica/Desktop/Bachelor_Project_StefanLica/.lake/packages/aesop:/Users/stefanlica/Desktop/Bachelor_Project_StefanLica/.lake/packages/aesop:/Users/stefanlica/Desktop/Bachelor_Project_StefanLica/.lake/packages/proofwidgets:/Users/stefanlica/Desktop/Bachelor_Project_StefanLica/.lake/packages/proofwidgets:/Users/stefanlica/Desktop/Bachelor_Project_StefanLica/.lake/packages/importGraph:/Users/stefanlica/Desktop/Bachelor_Project_StefanLica/.lake/packages/importGraph:/Users/stefanlica/Desktop/Bachelor_Project_StefanLica/.lake/packages/LeanSearchClient:/Users/stefanlica/Desktop/Bachelor_Project_StefanLica/.lake/packages/LeanSearchClient:/Users/stefanlica/Desktop/Bachelor_Project_StefanLica/.lake/packages/plausible:/Users/stefanlica/Desktop/Bachelor_Project_StefanLica/.lake/packages/plausible:/Users/stefanlica/Desktop/Bachelor_Project_StefanLica/.lake/packages/mathlib:/Users/stefanlica/Desktop/Bachelor_Project_StefanLica/.lake/packages/mathlib:/Users/stefanlica/Desktop/Bachelor_Project_StefanLica/.lake/packages/mathlib:/Users/stefanlica/Desktop/Bachelor_Project_StefanLica/.lake/packages/mathlib:/Users/stefanlica/Desktop/Bachelor_Project_StefanLica/.lake/packages/mathlib:/Users/stefanlica/Desktop/Bachelor_Project_StefanLica/.lake/packages/mathlib:/Users/stefanlica/Desktop/Bachelor_Project_StefanLica/.lake/packages/mathlib:/Users/stefanlica/Desktop/Bachelor_Project_StefanLica/.lake/packages/MD4Lean:/Users/stefanlica/Desktop/Bachelor_Project_StefanLica/.lake/packages/MD4Lean:/Users/stefanlica/Desktop/Bachelor_Project_StefanLica/.lake/packages/BibtexQuery:/Users/stefanlica/Desktop/Bachelor_Project_StefanLica/.lake/packages/UnicodeBasic:/Users/stefanlica/Desktop/Bachelor_Project_StefanLica/.lake/packages/UnicodeBasic:/Users/stefanlica/Desktop/Bachelor_Project_StefanLica/.lake/packages/Cli:/Users/stefanlica/Desktop/Bachelor_Project_StefanLica:/Users/stefanlica/Desktop/Bachelor_Project_StefanLica/.lake/packages/doc-gen4:/Users/stefanlica/.elan/toolchains/leanprover--lean4---v4.21.0-rc3/src/lean/lake PATH DYLD_LIBRARY_PATH=/Users/stefanlica/.elan/toolchains/leanprover--lean4---v4.21.0-rc3/lib/lean:/Users/stefanlica/.elan/toolchains/leanprover--lean4---v4.21.0-rc3/lib:/Users/stefanlica/Desktop/Bachelor_Project_StefanLica/docbuild/.lake/build/lib:/Users/stefanlica/Desktop/Bachelor_Project_StefanLica/.lake/packages/doc-gen4/.lake/build/lib:/Users/stefanlica/Desktop/Bachelor_Project_StefanLica/.lake/build/lib:/Users/stefanlica/Desktop/Bachelor_Project_StefanLica/.lake/packages/Cli/.lake/build/lib:/Users/stefanlica/Desktop/Bachelor_Project_StefanLica/.lake/packages/UnicodeBasic/.lake/build/lib:/Users/stefanlica/Desktop/Bachelor_Project_StefanLica/.lake/packages/BibtexQuery/.lake/build/lib:/Users/stefanlica/Desktop/Bachelor_Project_StefanLica/.lake/packages/MD4Lean/.lake/build/lib:/Users/stefanlica/Desktop/Bachelor_Project_StefanLica/.lake/packages/mathlib/.lake/build/lib:/Users/stefanlica/Desktop/Bachelor_Project_StefanLica/.lake/packages/plausible/.lake/build/lib:/Users/stefanlica/Desktop/Bachelor_Project_StefanLica/.lake/packages/LeanSearchClient/.lake/build/lib:/Users/stefanlica/Desktop/Bachelor_Project_StefanLica/.lake/packages/importGraph/.lake/build/lib:/Users/stefanlica/Desktop/Bachelor_Project_StefanLica/.lake/packages/proofwidgets/.lake/build/lib:/Users/stefanlica/Desktop/Bachelor_Project_StefanLica/.lake/packages/aesop/.lake/build/lib:/Users/stefanlica/Desktop/Bachelor_Project_StefanLica/.lake/packages/Qq/.lake/build/lib:/Users/stefanlica/Desktop/Bachelor_Project_StefanLica/.lake/packages/batteries/.lake/build/lib /Users/stefanlica/Desktop/Bachelor_Project_StefanLica/.lake/packages/doc-gen4/.lake/build/bin/doc-gen4 single --build /Users/stefanlica/Desktop/Bachelor_Project_StefanLica/docbuild/.lake/build Mathlib.Tactic.NormNum https://github.com/leanprover-community/mathlib4/blob/8e87a39073921d284b41aa374f987d1cb8389034/Mathlib/Tactic/NormNum.lean",
   "level": "trace"}],
 "inputs":
 [["<collection>",
   [["/Users/stefanlica/Desktop/Bachelor_Project_StefanLica/docbuild/.lake/build/doc/Mathlib/Tactic/NormNum/Basic.html",
     "15420863185033978644"],
    ["/Users/stefanlica/Desktop/Bachelor_Project_StefanLica/docbuild/.lake/build/doc/Mathlib/Tactic/NormNum/OfScientific.html",
     "8540045292876276690"],
    ["/Users/stefanlica/Desktop/Bachelor_Project_StefanLica/docbuild/.lake/build/doc/Mathlib/Tactic/NormNum/Eq.html",
     "3096435396283950562"],
    ["/Users/stefanlica/Desktop/Bachelor_Project_StefanLica/docbuild/.lake/build/doc/Mathlib/Tactic/NormNum/Ineq.html",
     "10520012161372904129"],
    ["/Users/stefanlica/Desktop/Bachelor_Project_StefanLica/docbuild/.lake/build/doc/Mathlib/Tactic/NormNum/Pow.html",
     "12319182213014056164"],
    ["/Users/stefanlica/Desktop/Bachelor_Project_StefanLica/docbuild/.lake/build/doc/Mathlib/Tactic/NormNum/Inv.html",
     "11584829898416908888"],
    ["/Users/stefanlica/Desktop/Bachelor_Project_StefanLica/docbuild/.lake/build/doc/Mathlib/Tactic/NormNum/DivMod.html",
     "5426985107723913381"],
    ["/Users/stefanlica/Desktop/Bachelor_Project_StefanLica/docbuild/.lake/build/doc/Mathlib/Data/Rat/Cast/Order.html",
     "11234430168283640204"]]],
  ["/Users/stefanlica/Desktop/Bachelor_Project_StefanLica/docbuild/.lake/build/doc-data/references.json",
   "11893762902049086281"],
  ["/Users/stefanlica/Desktop/Bachelor_Project_StefanLica/.lake/packages/doc-gen4/.lake/build/bin/doc-gen4",
   "3606292402486186840"],
  ["Mathlib.Tactic.NormNum:leanArts", "17077603567508688807"]],
 "depHash": "2700838442969043484"}