{"log":
 [{"message":
   ".> ELAN=elan ELAN_HOME=/Users/stefanlica/.elan ELAN_TOOLCHAIN=leanprover/lean4:v4.21.0-rc3 LAKE=/Users/stefanlica/.elan/toolchains/leanprover--lean4---v4.21.0-rc3/bin/lake LAKE_HOME=/Users/stefanlica/.elan/toolchains/leanprover--lean4---v4.21.0-rc3 LAKE_PKG_URL_MAP={} LEAN=/Users/stefanlica/.elan/toolchains/leanprover--lean4---v4.21.0-rc3/bin/lean LEAN_GITHASH=6741444a63eec253a7eae7a83f1beb3de015023d LEAN_SYSROOT=/Users/stefanlica/.elan/toolchains/leanprover--lean4---v4.21.0-rc3 LEAN_AR=/Users/stefanlica/.elan/toolchains/leanprover--lean4---v4.21.0-rc3/bin/llvm-ar LEAN_CC= LEAN_PATH=/Users/stefanlica/Desktop/Bachelor_Project_StefanLica/.lake/packages/batteries/.lake/build/lib/lean:/Users/stefanlica/Desktop/Bachelor_Project_StefanLica/.lake/packages/Qq/.lake/build/lib/lean:/Users/stefanlica/Desktop/Bachelor_Project_StefanLica/.lake/packages/aesop/.lake/build/lib/lean:/Users/stefanlica/Desktop/Bachelor_Project_StefanLica/.lake/packages/proofwidgets/.lake/build/lib/lean:/Users/stefanlica/Desktop/Bachelor_Project_StefanLica/.lake/packages/importGraph/.lake/build/lib/lean:/Users/stefanlica/Desktop/Bachelor_Project_StefanLica/.lake/packages/LeanSearchClient/.lake/build/lib/lean:/Users/stefanlica/Desktop/Bachelor_Project_StefanLica/.lake/packages/plausible/.lake/build/lib/lean:/Users/stefanlica/Desktop/Bachelor_Project_StefanLica/.lake/packages/mathlib/.lake/build/lib/lean:/Users/stefanlica/Desktop/Bachelor_Project_StefanLica/.lake/packages/MD4Lean/.lake/build/lib/lean:/Users/stefanlica/Desktop/Bachelor_Project_StefanLica/.lake/packages/BibtexQuery/.lake/build/lib/lean:/Users/stefanlica/Desktop/Bachelor_Project_StefanLica/.lake/packages/UnicodeBasic/.lake/build/lib/lean:/Users/stefanlica/Desktop/Bachelor_Project_StefanLica/.lake/packages/Cli/.lake/build/lib/lean:/Users/stefanlica/Desktop/Bachelor_Project_StefanLica/.lake/build/lib/lean:/Users/stefanlica/Desktop/Bachelor_Project_StefanLica/.lake/packages/doc-gen4/.lake/build/lib/lean:/Users/stefanlica/Desktop/Bachelor_Project_StefanLica/docbuild/.lake/build/lib/lean:/Users/stefanlica/.elan/toolchains/leanprover--lean4---v4.21.0-rc3/lib/lean LEAN_SRC_PATH=/Users/stefanlica/Desktop/Bachelor_Project_StefanLica/.lake/packages/batteries:/Users/stefanlica/Desktop/Bachelor_Project_StefanLica/.lake/packages/batteries:/Users/stefanlica/Desktop/Bachelor_Project_StefanLica/.lake/packages/Qq:/Users/stefanlica/Desktop/Bachelor_Project_StefanLica/.lake/packages/aesop:/Users/stefanlica/Desktop/Bachelor_Project_StefanLica/.lake/packages/aesop:/Users/stefanlica/Desktop/Bachelor_Project_StefanLica/.lake/packages/proofwidgets:/Users/stefanlica/Desktop/Bachelor_Project_StefanLica/.lake/packages/proofwidgets:/Users/stefanlica/Desktop/Bachelor_Project_StefanLica/.lake/packages/importGraph:/Users/stefanlica/Desktop/Bachelor_Project_StefanLica/.lake/packages/importGraph:/Users/stefanlica/Desktop/Bachelor_Project_StefanLica/.lake/packages/LeanSearchClient:/Users/stefanlica/Desktop/Bachelor_Project_StefanLica/.lake/packages/LeanSearchClient:/Users/stefanlica/Desktop/Bachelor_Project_StefanLica/.lake/packages/plausible:/Users/stefanlica/Desktop/Bachelor_Project_StefanLica/.lake/packages/plausible:/Users/stefanlica/Desktop/Bachelor_Project_StefanLica/.lake/packages/mathlib:/Users/stefanlica/Desktop/Bachelor_Project_StefanLica/.lake/packages/mathlib:/Users/stefanlica/Desktop/Bachelor_Project_StefanLica/.lake/packages/mathlib:/Users/stefanlica/Desktop/Bachelor_Project_StefanLica/.lake/packages/mathlib:/Users/stefanlica/Desktop/Bachelor_Project_StefanLica/.lake/packages/mathlib:/Users/stefanlica/Desktop/Bachelor_Project_StefanLica/.lake/packages/mathlib:/Users/stefanlica/Desktop/Bachelor_Project_StefanLica/.lake/packages/mathlib:/Users/stefanlica/Desktop/Bachelor_Project_StefanLica/.lake/packages/MD4Lean:/Users/stefanlica/Desktop/Bachelor_Project_StefanLica/.lake/packages/MD4Lean:/Users/stefanlica/Desktop/Bachelor_Project_StefanLica/.lake/packages/BibtexQuery:/Users/stefanlica/Desktop/Bachelor_Project_StefanLica/.lake/packages/UnicodeBasic:/Users/stefanlica/Desktop/Bachelor_Project_StefanLica/.lake/packages/UnicodeBasic:/Users/stefanlica/Desktop/Bachelor_Project_StefanLica/.lake/packages/Cli:/Users/stefanlica/Desktop/Bachelor_Project_StefanLica:/Users/stefanlica/Desktop/Bachelor_Project_StefanLica/.lake/packages/doc-gen4:/Users/stefanlica/.elan/toolchains/leanprover--lean4---v4.21.0-rc3/src/lean/lake PATH DYLD_LIBRARY_PATH=/Users/stefanlica/.elan/toolchains/leanprover--lean4---v4.21.0-rc3/lib/lean:/Users/stefanlica/.elan/toolchains/leanprover--lean4---v4.21.0-rc3/lib:/Users/stefanlica/Desktop/Bachelor_Project_StefanLica/docbuild/.lake/build/lib:/Users/stefanlica/Desktop/Bachelor_Project_StefanLica/.lake/packages/doc-gen4/.lake/build/lib:/Users/stefanlica/Desktop/Bachelor_Project_StefanLica/.lake/build/lib:/Users/stefanlica/Desktop/Bachelor_Project_StefanLica/.lake/packages/Cli/.lake/build/lib:/Users/stefanlica/Desktop/Bachelor_Project_StefanLica/.lake/packages/UnicodeBasic/.lake/build/lib:/Users/stefanlica/Desktop/Bachelor_Project_StefanLica/.lake/packages/BibtexQuery/.lake/build/lib:/Users/stefanlica/Desktop/Bachelor_Project_StefanLica/.lake/packages/MD4Lean/.lake/build/lib:/Users/stefanlica/Desktop/Bachelor_Project_StefanLica/.lake/packages/mathlib/.lake/build/lib:/Users/stefanlica/Desktop/Bachelor_Project_StefanLica/.lake/packages/plausible/.lake/build/lib:/Users/stefanlica/Desktop/Bachelor_Project_StefanLica/.lake/packages/LeanSearchClient/.lake/build/lib:/Users/stefanlica/Desktop/Bachelor_Project_StefanLica/.lake/packages/importGraph/.lake/build/lib:/Users/stefanlica/Desktop/Bachelor_Project_StefanLica/.lake/packages/proofwidgets/.lake/build/lib:/Users/stefanlica/Desktop/Bachelor_Project_StefanLica/.lake/packages/aesop/.lake/build/lib:/Users/stefanlica/Desktop/Bachelor_Project_StefanLica/.lake/packages/Qq/.lake/build/lib:/Users/stefanlica/Desktop/Bachelor_Project_StefanLica/.lake/packages/batteries/.lake/build/lib /Users/stefanlica/Desktop/Bachelor_Project_StefanLica/.lake/packages/doc-gen4/.lake/build/bin/doc-gen4 single --build /Users/stefanlica/Desktop/Bachelor_Project_StefanLica/docbuild/.lake/build Mathlib.Tactic.ToAdditive.Frontend https://github.com/leanprover-community/mathlib4/blob/8e87a39073921d284b41aa374f987d1cb8389034/Mathlib/Tactic/ToAdditive/Frontend.lean",
   "level": "trace"},
  {"message":
   "stdout:\nWARNING: Failed to calculate equational lemmata for ToAdditive.nameDict: (deterministic) timeout at `whnf`, maximum number of heartbeats (5000) has been reached\nUse `set_option maxHeartbeats <num>` to set the limit.(invalid MessageData.lazy, missing context)\nWARNING: Failed to calculate equational lemmata for ToAdditive.fixAbbreviation: (deterministic) timeout at `whnf`, maximum number of heartbeats (200000) has been reached\nUse `set_option maxHeartbeats <num>` to set the limit.(invalid MessageData.lazy, missing context)",
   "level": "info"}],
 "inputs":
 [["<collection>",
   [["/Users/stefanlica/Desktop/Bachelor_Project_StefanLica/docbuild/.lake/build/doc/Mathlib/Data/Nat/Notation.html",
     "13552807054943266628"],
    ["/Users/stefanlica/Desktop/Bachelor_Project_StefanLica/docbuild/.lake/build/doc/Mathlib/Data/String/Defs.html",
     "16269662456480259754"],
    ["/Users/stefanlica/Desktop/Bachelor_Project_StefanLica/docbuild/.lake/build/doc/Mathlib/Data/Array/Defs.html",
     "15445505037511296979"],
    ["/Users/stefanlica/Desktop/Bachelor_Project_StefanLica/docbuild/.lake/build/doc/Mathlib/Lean/Expr/ReplaceRec.html",
     "6036844542992512945"],
    ["/Users/stefanlica/Desktop/Bachelor_Project_StefanLica/docbuild/.lake/build/doc/Mathlib/Lean/EnvExtension.html",
     "5426308537108847244"],
    ["/Users/stefanlica/Desktop/Bachelor_Project_StefanLica/docbuild/.lake/build/doc/Mathlib/Lean/Meta/Simp.html",
     "15864333612008612426"],
    ["/Users/stefanlica/Desktop/Bachelor_Project_StefanLica/docbuild/.lake/build/doc/Mathlib/Lean/Name.html",
     "17763144458561303604"],
    ["/Users/stefanlica/Desktop/Bachelor_Project_StefanLica/docbuild/.lake/build/doc/Batteries/Lean/NameMapAttribute.html",
     "14618498943963026994"],
    ["/Users/stefanlica/Desktop/Bachelor_Project_StefanLica/docbuild/.lake/build/doc/Batteries/Tactic/Lint.html",
     "10217051925825031512"],
    ["/Users/stefanlica/Desktop/Bachelor_Project_StefanLica/docbuild/.lake/build/doc/Batteries/Tactic/Trans.html",
     "8392161403775720918"],
    ["/Users/stefanlica/Desktop/Bachelor_Project_StefanLica/docbuild/.lake/build/doc/Mathlib/Tactic/Eqns.html",
     "4447678347468035484"],
    ["/Users/stefanlica/Desktop/Bachelor_Project_StefanLica/docbuild/.lake/build/doc/Mathlib/Tactic/Simps/Basic.html",
     "15607361312877061387"]]],
  ["/Users/stefanlica/Desktop/Bachelor_Project_StefanLica/docbuild/.lake/build/doc-data/references.json",
   "11893762902049086281"],
  ["/Users/stefanlica/Desktop/Bachelor_Project_StefanLica/.lake/packages/doc-gen4/.lake/build/bin/doc-gen4",
   "3606292402486186840"],
  ["Mathlib.Tactic.ToAdditive.Frontend:leanArts", "624720619811453760"]],
 "depHash": "15059213772741619217"}