{"log":
 [{"message":
   ".> ELAN=elan ELAN_HOME=/home/runner/.elan ELAN_TOOLCHAIN=leanprover/lean4:v4.21.0 LAKE=/home/runner/.elan/toolchains/leanprover--lean4---v4.21.0/bin/lake LAKE_HOME=/home/runner/.elan/toolchains/leanprover--lean4---v4.21.0 LAKE_PKG_URL_MAP={} LEAN=/home/runner/.elan/toolchains/leanprover--lean4---v4.21.0/bin/lean LEAN_GITHASH=6741444a63eec253a7eae7a83f1beb3de015023d LEAN_SYSROOT=/home/runner/.elan/toolchains/leanprover--lean4---v4.21.0 LEAN_AR=/home/runner/.elan/toolchains/leanprover--lean4---v4.21.0/bin/llvm-ar LEAN_CC= LEAN_PATH=/home/runner/work/Bachelor_Project_StefanLica/Bachelor_Project_StefanLica/.lake/packages/batteries/.lake/build/lib/lean:/home/runner/work/Bachelor_Project_StefanLica/Bachelor_Project_StefanLica/.lake/packages/Qq/.lake/build/lib/lean:/home/runner/work/Bachelor_Project_StefanLica/Bachelor_Project_StefanLica/.lake/packages/aesop/.lake/build/lib/lean:/home/runner/work/Bachelor_Project_StefanLica/Bachelor_Project_StefanLica/.lake/packages/proofwidgets/.lake/build/lib/lean:/home/runner/work/Bachelor_Project_StefanLica/Bachelor_Project_StefanLica/.lake/packages/importGraph/.lake/build/lib/lean:/home/runner/work/Bachelor_Project_StefanLica/Bachelor_Project_StefanLica/.lake/packages/LeanSearchClient/.lake/build/lib/lean:/home/runner/work/Bachelor_Project_StefanLica/Bachelor_Project_StefanLica/.lake/packages/plausible/.lake/build/lib/lean:/home/runner/work/Bachelor_Project_StefanLica/Bachelor_Project_StefanLica/.lake/packages/mathlib/.lake/build/lib/lean:/home/runner/work/Bachelor_Project_StefanLica/Bachelor_Project_StefanLica/.lake/packages/MD4Lean/.lake/build/lib/lean:/home/runner/work/Bachelor_Project_StefanLica/Bachelor_Project_StefanLica/.lake/packages/BibtexQuery/.lake/build/lib/lean:/home/runner/work/Bachelor_Project_StefanLica/Bachelor_Project_StefanLica/.lake/packages/UnicodeBasic/.lake/build/lib/lean:/home/runner/work/Bachelor_Project_StefanLica/Bachelor_Project_StefanLica/.lake/packages/Cli/.lake/build/lib/lean:/home/runner/work/Bachelor_Project_StefanLica/Bachelor_Project_StefanLica/.lake/build/lib/lean:/home/runner/work/Bachelor_Project_StefanLica/Bachelor_Project_StefanLica/.lake/packages/doc-gen4/.lake/build/lib/lean:/home/runner/work/Bachelor_Project_StefanLica/Bachelor_Project_StefanLica/docbuild/.lake/build/lib/lean:/home/runner/.elan/toolchains/leanprover--lean4---v4.21.0/lib/lean LEAN_SRC_PATH=/home/runner/work/Bachelor_Project_StefanLica/Bachelor_Project_StefanLica/.lake/packages/batteries:/home/runner/work/Bachelor_Project_StefanLica/Bachelor_Project_StefanLica/.lake/packages/batteries:/home/runner/work/Bachelor_Project_StefanLica/Bachelor_Project_StefanLica/.lake/packages/Qq:/home/runner/work/Bachelor_Project_StefanLica/Bachelor_Project_StefanLica/.lake/packages/aesop:/home/runner/work/Bachelor_Project_StefanLica/Bachelor_Project_StefanLica/.lake/packages/aesop:/home/runner/work/Bachelor_Project_StefanLica/Bachelor_Project_StefanLica/.lake/packages/proofwidgets:/home/runner/work/Bachelor_Project_StefanLica/Bachelor_Project_StefanLica/.lake/packages/proofwidgets:/home/runner/work/Bachelor_Project_StefanLica/Bachelor_Project_StefanLica/.lake/packages/importGraph:/home/runner/work/Bachelor_Project_StefanLica/Bachelor_Project_StefanLica/.lake/packages/importGraph:/home/runner/work/Bachelor_Project_StefanLica/Bachelor_Project_StefanLica/.lake/packages/LeanSearchClient:/home/runner/work/Bachelor_Project_StefanLica/Bachelor_Project_StefanLica/.lake/packages/LeanSearchClient:/home/runner/work/Bachelor_Project_StefanLica/Bachelor_Project_StefanLica/.lake/packages/plausible:/home/runner/work/Bachelor_Project_StefanLica/Bachelor_Project_StefanLica/.lake/packages/plausible:/home/runner/work/Bachelor_Project_StefanLica/Bachelor_Project_StefanLica/.lake/packages/mathlib:/home/runner/work/Bachelor_Project_StefanLica/Bachelor_Project_StefanLica/.lake/packages/mathlib:/home/runner/work/Bachelor_Project_StefanLica/Bachelor_Project_StefanLica/.lake/packages/mathlib:/home/runner/work/Bachelor_Project_StefanLica/Bachelor_Project_StefanLica/.lake/packages/mathlib:/home/runner/work/Bachelor_Project_StefanLica/Bachelor_Project_StefanLica/.lake/packages/mathlib:/home/runner/work/Bachelor_Project_StefanLica/Bachelor_Project_StefanLica/.lake/packages/mathlib:/home/runner/work/Bachelor_Project_StefanLica/Bachelor_Project_StefanLica/.lake/packages/mathlib:/home/runner/work/Bachelor_Project_StefanLica/Bachelor_Project_StefanLica/.lake/packages/MD4Lean:/home/runner/work/Bachelor_Project_StefanLica/Bachelor_Project_StefanLica/.lake/packages/MD4Lean:/home/runner/work/Bachelor_Project_StefanLica/Bachelor_Project_StefanLica/.lake/packages/BibtexQuery:/home/runner/work/Bachelor_Project_StefanLica/Bachelor_Project_StefanLica/.lake/packages/UnicodeBasic:/home/runner/work/Bachelor_Project_StefanLica/Bachelor_Project_StefanLica/.lake/packages/UnicodeBasic:/home/runner/work/Bachelor_Project_StefanLica/Bachelor_Project_StefanLica/.lake/packages/Cli:/home/runner/work/Bachelor_Project_StefanLica/Bachelor_Project_StefanLica:/home/runner/work/Bachelor_Project_StefanLica/Bachelor_Project_StefanLica/.lake/packages/doc-gen4:/home/runner/.elan/toolchains/leanprover--lean4---v4.21.0/src/lean/lake PATH LD_LIBRARY_PATH=/home/runner/.elan/toolchains/leanprover--lean4---v4.21.0/lib/lean:/home/runner/.elan/toolchains/leanprover--lean4---v4.21.0/lib:/home/runner/work/Bachelor_Project_StefanLica/Bachelor_Project_StefanLica/docbuild/.lake/build/lib:/home/runner/work/Bachelor_Project_StefanLica/Bachelor_Project_StefanLica/.lake/packages/doc-gen4/.lake/build/lib:/home/runner/work/Bachelor_Project_StefanLica/Bachelor_Project_StefanLica/.lake/build/lib:/home/runner/work/Bachelor_Project_StefanLica/Bachelor_Project_StefanLica/.lake/packages/Cli/.lake/build/lib:/home/runner/work/Bachelor_Project_StefanLica/Bachelor_Project_StefanLica/.lake/packages/UnicodeBasic/.lake/build/lib:/home/runner/work/Bachelor_Project_StefanLica/Bachelor_Project_StefanLica/.lake/packages/BibtexQuery/.lake/build/lib:/home/runner/work/Bachelor_Project_StefanLica/Bachelor_Project_StefanLica/.lake/packages/MD4Lean/.lake/build/lib:/home/runner/work/Bachelor_Project_StefanLica/Bachelor_Project_StefanLica/.lake/packages/mathlib/.lake/build/lib:/home/runner/work/Bachelor_Project_StefanLica/Bachelor_Project_StefanLica/.lake/packages/plausible/.lake/build/lib:/home/runner/work/Bachelor_Project_StefanLica/Bachelor_Project_StefanLica/.lake/packages/LeanSearchClient/.lake/build/lib:/home/runner/work/Bachelor_Project_StefanLica/Bachelor_Project_StefanLica/.lake/packages/importGraph/.lake/build/lib:/home/runner/work/Bachelor_Project_StefanLica/Bachelor_Project_StefanLica/.lake/packages/proofwidgets/.lake/build/lib:/home/runner/work/Bachelor_Project_StefanLica/Bachelor_Project_StefanLica/.lake/packages/aesop/.lake/build/lib:/home/runner/work/Bachelor_Project_StefanLica/Bachelor_Project_StefanLica/.lake/packages/Qq/.lake/build/lib:/home/runner/work/Bachelor_Project_StefanLica/Bachelor_Project_StefanLica/.lake/packages/batteries/.lake/build/lib /home/runner/work/Bachelor_Project_StefanLica/Bachelor_Project_StefanLica/.lake/packages/doc-gen4/.lake/build/bin/doc-gen4 single --build /home/runner/work/Bachelor_Project_StefanLica/Bachelor_Project_StefanLica/docbuild/.lake/build Mathlib.Analysis.SpecialFunctions.Log.Basic https://github.com/leanprover-community/mathlib4/blob/8e87a39073921d284b41aa374f987d1cb8389034/Mathlib/Analysis/SpecialFunctions/Log/Basic.lean",
   "level": "trace"},
  {"message":
   "stdout:\nWARNING: Failed to calculate equational lemmata for Mathlib.Meta.Positivity.evalLogNatLit: unquoteExpr: result.1 : Lean.Expr\nWARNING: Failed to calculate equational lemmata for Mathlib.Meta.Positivity.evalLogIntCast: failed\nWARNING: Failed to calculate equational lemmata for Mathlib.Meta.Positivity.evalLogNatCast: failed",
   "level": "info"}],
 "inputs":
 [["<collection>",
   [["/home/runner/work/Bachelor_Project_StefanLica/Bachelor_Project_StefanLica/docbuild/.lake/build/doc/Mathlib/Analysis/SpecialFunctions/Exp.html",
     "16459439373696768853"],
    ["/home/runner/work/Bachelor_Project_StefanLica/Bachelor_Project_StefanLica/docbuild/.lake/build/doc/Mathlib/Data/Nat/Factorization/Defs.html",
     "13095146567805699612"],
    ["/home/runner/work/Bachelor_Project_StefanLica/Bachelor_Project_StefanLica/docbuild/.lake/build/doc/Mathlib/Analysis/NormedSpace/Real.html",
     "6519053373818955479"],
    ["/home/runner/work/Bachelor_Project_StefanLica/Bachelor_Project_StefanLica/docbuild/.lake/build/doc/Mathlib/Data/Rat/Cast/CharZero.html",
     "11719197999812005088"]]],
  ["/home/runner/work/Bachelor_Project_StefanLica/Bachelor_Project_StefanLica/docbuild/.lake/build/doc-data/references.json",
   "11893762902049086281"],
  ["/home/runner/work/Bachelor_Project_StefanLica/Bachelor_Project_StefanLica/.lake/packages/doc-gen4/.lake/build/bin/doc-gen4",
<<<<<<< HEAD
   "6275124044804967828"],
  ["Mathlib.Analysis.SpecialFunctions.Log.Basic:leanArts",
   "6339809793379970797"]],
 "depHash": "17405680356237782365"}
=======
   "5744110298908036798"],
  ["Mathlib.Analysis.SpecialFunctions.Log.Basic:leanArts",
   "6339809793379970797"]],
 "depHash": "7319534822213184030"}
>>>>>>> 77f06c7f (readme2)
