{"log":
 [{"message":
   ".> ELAN=elan ELAN_HOME=/Users/stefanlica/.elan ELAN_TOOLCHAIN=leanprover/lean4:v4.21.0-rc3 LAKE=/Users/stefanlica/.elan/toolchains/leanprover--lean4---v4.21.0-rc3/bin/lake LAKE_HOME=/Users/stefanlica/.elan/toolchains/leanprover--lean4---v4.21.0-rc3 LAKE_PKG_URL_MAP={} LEAN=/Users/stefanlica/.elan/toolchains/leanprover--lean4---v4.21.0-rc3/bin/lean LEAN_GITHASH=6741444a63eec253a7eae7a83f1beb3de015023d LEAN_SYSROOT=/Users/stefanlica/.elan/toolchains/leanprover--lean4---v4.21.0-rc3 LEAN_AR=/Users/stefanlica/.elan/toolchains/leanprover--lean4---v4.21.0-rc3/bin/llvm-ar LEAN_CC= LEAN_PATH=/Users/stefanlica/Desktop/Bachelor_Project_StefanLica/.lake/packages/batteries/.lake/build/lib/lean:/Users/stefanlica/Desktop/Bachelor_Project_StefanLica/.lake/packages/Qq/.lake/build/lib/lean:/Users/stefanlica/Desktop/Bachelor_Project_StefanLica/.lake/packages/aesop/.lake/build/lib/lean:/Users/stefanlica/Desktop/Bachelor_Project_StefanLica/.lake/packages/proofwidgets/.lake/build/lib/lean:/Users/stefanlica/Desktop/Bachelor_Project_StefanLica/.lake/packages/importGraph/.lake/build/lib/lean:/Users/stefanlica/Desktop/Bachelor_Project_StefanLica/.lake/packages/LeanSearchClient/.lake/build/lib/lean:/Users/stefanlica/Desktop/Bachelor_Project_StefanLica/.lake/packages/plausible/.lake/build/lib/lean:/Users/stefanlica/Desktop/Bachelor_Project_StefanLica/.lake/packages/mathlib/.lake/build/lib/lean:/Users/stefanlica/Desktop/Bachelor_Project_StefanLica/.lake/packages/MD4Lean/.lake/build/lib/lean:/Users/stefanlica/Desktop/Bachelor_Project_StefanLica/.lake/packages/BibtexQuery/.lake/build/lib/lean:/Users/stefanlica/Desktop/Bachelor_Project_StefanLica/.lake/packages/UnicodeBasic/.lake/build/lib/lean:/Users/stefanlica/Desktop/Bachelor_Project_StefanLica/.lake/packages/Cli/.lake/build/lib/lean:/Users/stefanlica/Desktop/Bachelor_Project_StefanLica/.lake/build/lib/lean:/Users/stefanlica/Desktop/Bachelor_Project_StefanLica/.lake/packages/doc-gen4/.lake/build/lib/lean:/Users/stefanlica/Desktop/Bachelor_Project_StefanLica/docbuild/.lake/build/lib/lean:/Users/stefanlica/.elan/toolchains/leanprover--lean4---v4.21.0-rc3/lib/lean LEAN_SRC_PATH=/Users/stefanlica/Desktop/Bachelor_Project_StefanLica/.lake/packages/batteries:/Users/stefanlica/Desktop/Bachelor_Project_StefanLica/.lake/packages/batteries:/Users/stefanlica/Desktop/Bachelor_Project_StefanLica/.lake/packages/Qq:/Users/stefanlica/Desktop/Bachelor_Project_StefanLica/.lake/packages/aesop:/Users/stefanlica/Desktop/Bachelor_Project_StefanLica/.lake/packages/aesop:/Users/stefanlica/Desktop/Bachelor_Project_StefanLica/.lake/packages/proofwidgets:/Users/stefanlica/Desktop/Bachelor_Project_StefanLica/.lake/packages/proofwidgets:/Users/stefanlica/Desktop/Bachelor_Project_StefanLica/.lake/packages/importGraph:/Users/stefanlica/Desktop/Bachelor_Project_StefanLica/.lake/packages/importGraph:/Users/stefanlica/Desktop/Bachelor_Project_StefanLica/.lake/packages/LeanSearchClient:/Users/stefanlica/Desktop/Bachelor_Project_StefanLica/.lake/packages/LeanSearchClient:/Users/stefanlica/Desktop/Bachelor_Project_StefanLica/.lake/packages/plausible:/Users/stefanlica/Desktop/Bachelor_Project_StefanLica/.lake/packages/plausible:/Users/stefanlica/Desktop/Bachelor_Project_StefanLica/.lake/packages/mathlib:/Users/stefanlica/Desktop/Bachelor_Project_StefanLica/.lake/packages/mathlib:/Users/stefanlica/Desktop/Bachelor_Project_StefanLica/.lake/packages/mathlib:/Users/stefanlica/Desktop/Bachelor_Project_StefanLica/.lake/packages/mathlib:/Users/stefanlica/Desktop/Bachelor_Project_StefanLica/.lake/packages/mathlib:/Users/stefanlica/Desktop/Bachelor_Project_StefanLica/.lake/packages/mathlib:/Users/stefanlica/Desktop/Bachelor_Project_StefanLica/.lake/packages/mathlib:/Users/stefanlica/Desktop/Bachelor_Project_StefanLica/.lake/packages/MD4Lean:/Users/stefanlica/Desktop/Bachelor_Project_StefanLica/.lake/packages/MD4Lean:/Users/stefanlica/Desktop/Bachelor_Project_StefanLica/.lake/packages/BibtexQuery:/Users/stefanlica/Desktop/Bachelor_Project_StefanLica/.lake/packages/UnicodeBasic:/Users/stefanlica/Desktop/Bachelor_Project_StefanLica/.lake/packages/UnicodeBasic:/Users/stefanlica/Desktop/Bachelor_Project_StefanLica/.lake/packages/Cli:/Users/stefanlica/Desktop/Bachelor_Project_StefanLica:/Users/stefanlica/Desktop/Bachelor_Project_StefanLica/.lake/packages/doc-gen4:/Users/stefanlica/.elan/toolchains/leanprover--lean4---v4.21.0-rc3/src/lean/lake PATH DYLD_LIBRARY_PATH=/Users/stefanlica/.elan/toolchains/leanprover--lean4---v4.21.0-rc3/lib/lean:/Users/stefanlica/.elan/toolchains/leanprover--lean4---v4.21.0-rc3/lib:/Users/stefanlica/Desktop/Bachelor_Project_StefanLica/docbuild/.lake/build/lib:/Users/stefanlica/Desktop/Bachelor_Project_StefanLica/.lake/packages/doc-gen4/.lake/build/lib:/Users/stefanlica/Desktop/Bachelor_Project_StefanLica/.lake/build/lib:/Users/stefanlica/Desktop/Bachelor_Project_StefanLica/.lake/packages/Cli/.lake/build/lib:/Users/stefanlica/Desktop/Bachelor_Project_StefanLica/.lake/packages/UnicodeBasic/.lake/build/lib:/Users/stefanlica/Desktop/Bachelor_Project_StefanLica/.lake/packages/BibtexQuery/.lake/build/lib:/Users/stefanlica/Desktop/Bachelor_Project_StefanLica/.lake/packages/MD4Lean/.lake/build/lib:/Users/stefanlica/Desktop/Bachelor_Project_StefanLica/.lake/packages/mathlib/.lake/build/lib:/Users/stefanlica/Desktop/Bachelor_Project_StefanLica/.lake/packages/plausible/.lake/build/lib:/Users/stefanlica/Desktop/Bachelor_Project_StefanLica/.lake/packages/LeanSearchClient/.lake/build/lib:/Users/stefanlica/Desktop/Bachelor_Project_StefanLica/.lake/packages/importGraph/.lake/build/lib:/Users/stefanlica/Desktop/Bachelor_Project_StefanLica/.lake/packages/proofwidgets/.lake/build/lib:/Users/stefanlica/Desktop/Bachelor_Project_StefanLica/.lake/packages/aesop/.lake/build/lib:/Users/stefanlica/Desktop/Bachelor_Project_StefanLica/.lake/packages/Qq/.lake/build/lib:/Users/stefanlica/Desktop/Bachelor_Project_StefanLica/.lake/packages/batteries/.lake/build/lib /Users/stefanlica/Desktop/Bachelor_Project_StefanLica/.lake/packages/doc-gen4/.lake/build/bin/doc-gen4 single --build /Users/stefanlica/Desktop/Bachelor_Project_StefanLica/docbuild/.lake/build Mathlib.Algebra.BigOperators.Group.List.Lemmas https://github.com/leanprover-community/mathlib4/blob/8e87a39073921d284b41aa374f987d1cb8389034/Mathlib/Algebra/BigOperators/Group/List/Lemmas.lean",
   "level": "trace"}],
 "inputs":
 [["<collection>",
   [["/Users/stefanlica/Desktop/Bachelor_Project_StefanLica/docbuild/.lake/build/doc/Mathlib/Algebra/BigOperators/Group/List/Basic.html",
     "12415489057335453525"],
    ["/Users/stefanlica/Desktop/Bachelor_Project_StefanLica/docbuild/.lake/build/doc/Mathlib/Algebra/Divisibility/Basic.html",
     "15145174428017480772"],
    ["/Users/stefanlica/Desktop/Bachelor_Project_StefanLica/docbuild/.lake/build/doc/Mathlib/Algebra/Group/Int/Units.html",
     "16876198796734191716"],
    ["/Users/stefanlica/Desktop/Bachelor_Project_StefanLica/docbuild/.lake/build/doc/Mathlib/Data/List/Dedup.html",
     "17721413804524484289"],
    ["/Users/stefanlica/Desktop/Bachelor_Project_StefanLica/docbuild/.lake/build/doc/Mathlib/Data/List/Flatten.html",
     "17987575767212778405"],
    ["/Users/stefanlica/Desktop/Bachelor_Project_StefanLica/docbuild/.lake/build/doc/Mathlib/Data/List/Pairwise.html",
     "7936142478857343121"],
    ["/Users/stefanlica/Desktop/Bachelor_Project_StefanLica/docbuild/.lake/build/doc/Mathlib/Data/List/Perm/Basic.html",
     "6061287208043709310"],
    ["/Users/stefanlica/Desktop/Bachelor_Project_StefanLica/docbuild/.lake/build/doc/Mathlib/Data/List/Range.html",
     "617516059214737612"],
    ["/Users/stefanlica/Desktop/Bachelor_Project_StefanLica/docbuild/.lake/build/doc/Mathlib/Data/List/Rotate.html",
     "5664513964557150130"],
    ["/Users/stefanlica/Desktop/Bachelor_Project_StefanLica/docbuild/.lake/build/doc/Mathlib/Data/List/ProdSigma.html",
     "10936495278444519467"],
    ["/Users/stefanlica/Desktop/Bachelor_Project_StefanLica/docbuild/.lake/build/doc/Mathlib/Algebra/Group/Opposite.html",
     "5604629546421560838"]]],
  ["/Users/stefanlica/Desktop/Bachelor_Project_StefanLica/docbuild/.lake/build/doc-data/references.json",
   "11893762902049086281"],
  ["/Users/stefanlica/Desktop/Bachelor_Project_StefanLica/.lake/packages/doc-gen4/.lake/build/bin/doc-gen4",
   "3606292402486186840"],
  ["Mathlib.Algebra.BigOperators.Group.List.Lemmas:leanArts",
   "1210870297184045302"]],
 "depHash": "13150477704590415462"}