{"log":
 [{"message":
   ".> ELAN=elan ELAN_HOME=/home/runner/.elan ELAN_TOOLCHAIN=leanprover/lean4:v4.21.0 LAKE=/home/runner/.elan/toolchains/leanprover--lean4---v4.21.0/bin/lake LAKE_HOME=/home/runner/.elan/toolchains/leanprover--lean4---v4.21.0 LAKE_PKG_URL_MAP={} LEAN=/home/runner/.elan/toolchains/leanprover--lean4---v4.21.0/bin/lean LEAN_GITHASH=6741444a63eec253a7eae7a83f1beb3de015023d LEAN_SYSROOT=/home/runner/.elan/toolchains/leanprover--lean4---v4.21.0 LEAN_AR=/home/runner/.elan/toolchains/leanprover--lean4---v4.21.0/bin/llvm-ar LEAN_CC= LEAN_PATH=/home/runner/work/Bachelor_Project_StefanLica/Bachelor_Project_StefanLica/.lake/packages/batteries/.lake/build/lib/lean:/home/runner/work/Bachelor_Project_StefanLica/Bachelor_Project_StefanLica/.lake/packages/Qq/.lake/build/lib/lean:/home/runner/work/Bachelor_Project_StefanLica/Bachelor_Project_StefanLica/.lake/packages/aesop/.lake/build/lib/lean:/home/runner/work/Bachelor_Project_StefanLica/Bachelor_Project_StefanLica/.lake/packages/proofwidgets/.lake/build/lib/lean:/home/runner/work/Bachelor_Project_StefanLica/Bachelor_Project_StefanLica/.lake/packages/importGraph/.lake/build/lib/lean:/home/runner/work/Bachelor_Project_StefanLica/Bachelor_Project_StefanLica/.lake/packages/LeanSearchClient/.lake/build/lib/lean:/home/runner/work/Bachelor_Project_StefanLica/Bachelor_Project_StefanLica/.lake/packages/plausible/.lake/build/lib/lean:/home/runner/work/Bachelor_Project_StefanLica/Bachelor_Project_StefanLica/.lake/packages/mathlib/.lake/build/lib/lean:/home/runner/work/Bachelor_Project_StefanLica/Bachelor_Project_StefanLica/.lake/packages/MD4Lean/.lake/build/lib/lean:/home/runner/work/Bachelor_Project_StefanLica/Bachelor_Project_StefanLica/.lake/packages/BibtexQuery/.lake/build/lib/lean:/home/runner/work/Bachelor_Project_StefanLica/Bachelor_Project_StefanLica/.lake/packages/UnicodeBasic/.lake/build/lib/lean:/home/runner/work/Bachelor_Project_StefanLica/Bachelor_Project_StefanLica/.lake/packages/Cli/.lake/build/lib/lean:/home/runner/work/Bachelor_Project_StefanLica/Bachelor_Project_StefanLica/.lake/build/lib/lean:/home/runner/work/Bachelor_Project_StefanLica/Bachelor_Project_StefanLica/.lake/packages/doc-gen4/.lake/build/lib/lean:/home/runner/work/Bachelor_Project_StefanLica/Bachelor_Project_StefanLica/docbuild/.lake/build/lib/lean:/home/runner/.elan/toolchains/leanprover--lean4---v4.21.0/lib/lean LEAN_SRC_PATH=/home/runner/work/Bachelor_Project_StefanLica/Bachelor_Project_StefanLica/.lake/packages/batteries:/home/runner/work/Bachelor_Project_StefanLica/Bachelor_Project_StefanLica/.lake/packages/batteries:/home/runner/work/Bachelor_Project_StefanLica/Bachelor_Project_StefanLica/.lake/packages/Qq:/home/runner/work/Bachelor_Project_StefanLica/Bachelor_Project_StefanLica/.lake/packages/aesop:/home/runner/work/Bachelor_Project_StefanLica/Bachelor_Project_StefanLica/.lake/packages/aesop:/home/runner/work/Bachelor_Project_StefanLica/Bachelor_Project_StefanLica/.lake/packages/proofwidgets:/home/runner/work/Bachelor_Project_StefanLica/Bachelor_Project_StefanLica/.lake/packages/proofwidgets:/home/runner/work/Bachelor_Project_StefanLica/Bachelor_Project_StefanLica/.lake/packages/importGraph:/home/runner/work/Bachelor_Project_StefanLica/Bachelor_Project_StefanLica/.lake/packages/importGraph:/home/runner/work/Bachelor_Project_StefanLica/Bachelor_Project_StefanLica/.lake/packages/LeanSearchClient:/home/runner/work/Bachelor_Project_StefanLica/Bachelor_Project_StefanLica/.lake/packages/LeanSearchClient:/home/runner/work/Bachelor_Project_StefanLica/Bachelor_Project_StefanLica/.lake/packages/plausible:/home/runner/work/Bachelor_Project_StefanLica/Bachelor_Project_StefanLica/.lake/packages/plausible:/home/runner/work/Bachelor_Project_StefanLica/Bachelor_Project_StefanLica/.lake/packages/mathlib:/home/runner/work/Bachelor_Project_StefanLica/Bachelor_Project_StefanLica/.lake/packages/mathlib:/home/runner/work/Bachelor_Project_StefanLica/Bachelor_Project_StefanLica/.lake/packages/mathlib:/home/runner/work/Bachelor_Project_StefanLica/Bachelor_Project_StefanLica/.lake/packages/mathlib:/home/runner/work/Bachelor_Project_StefanLica/Bachelor_Project_StefanLica/.lake/packages/mathlib:/home/runner/work/Bachelor_Project_StefanLica/Bachelor_Project_StefanLica/.lake/packages/mathlib:/home/runner/work/Bachelor_Project_StefanLica/Bachelor_Project_StefanLica/.lake/packages/mathlib:/home/runner/work/Bachelor_Project_StefanLica/Bachelor_Project_StefanLica/.lake/packages/MD4Lean:/home/runner/work/Bachelor_Project_StefanLica/Bachelor_Project_StefanLica/.lake/packages/MD4Lean:/home/runner/work/Bachelor_Project_StefanLica/Bachelor_Project_StefanLica/.lake/packages/BibtexQuery:/home/runner/work/Bachelor_Project_StefanLica/Bachelor_Project_StefanLica/.lake/packages/UnicodeBasic:/home/runner/work/Bachelor_Project_StefanLica/Bachelor_Project_StefanLica/.lake/packages/UnicodeBasic:/home/runner/work/Bachelor_Project_StefanLica/Bachelor_Project_StefanLica/.lake/packages/Cli:/home/runner/work/Bachelor_Project_StefanLica/Bachelor_Project_StefanLica:/home/runner/work/Bachelor_Project_StefanLica/Bachelor_Project_StefanLica/.lake/packages/doc-gen4:/home/runner/.elan/toolchains/leanprover--lean4---v4.21.0/src/lean/lake PATH LD_LIBRARY_PATH=/home/runner/.elan/toolchains/leanprover--lean4---v4.21.0/lib/lean:/home/runner/.elan/toolchains/leanprover--lean4---v4.21.0/lib:/home/runner/work/Bachelor_Project_StefanLica/Bachelor_Project_StefanLica/docbuild/.lake/build/lib:/home/runner/work/Bachelor_Project_StefanLica/Bachelor_Project_StefanLica/.lake/packages/doc-gen4/.lake/build/lib:/home/runner/work/Bachelor_Project_StefanLica/Bachelor_Project_StefanLica/.lake/build/lib:/home/runner/work/Bachelor_Project_StefanLica/Bachelor_Project_StefanLica/.lake/packages/Cli/.lake/build/lib:/home/runner/work/Bachelor_Project_StefanLica/Bachelor_Project_StefanLica/.lake/packages/UnicodeBasic/.lake/build/lib:/home/runner/work/Bachelor_Project_StefanLica/Bachelor_Project_StefanLica/.lake/packages/BibtexQuery/.lake/build/lib:/home/runner/work/Bachelor_Project_StefanLica/Bachelor_Project_StefanLica/.lake/packages/MD4Lean/.lake/build/lib:/home/runner/work/Bachelor_Project_StefanLica/Bachelor_Project_StefanLica/.lake/packages/mathlib/.lake/build/lib:/home/runner/work/Bachelor_Project_StefanLica/Bachelor_Project_StefanLica/.lake/packages/plausible/.lake/build/lib:/home/runner/work/Bachelor_Project_StefanLica/Bachelor_Project_StefanLica/.lake/packages/LeanSearchClient/.lake/build/lib:/home/runner/work/Bachelor_Project_StefanLica/Bachelor_Project_StefanLica/.lake/packages/importGraph/.lake/build/lib:/home/runner/work/Bachelor_Project_StefanLica/Bachelor_Project_StefanLica/.lake/packages/proofwidgets/.lake/build/lib:/home/runner/work/Bachelor_Project_StefanLica/Bachelor_Project_StefanLica/.lake/packages/aesop/.lake/build/lib:/home/runner/work/Bachelor_Project_StefanLica/Bachelor_Project_StefanLica/.lake/packages/Qq/.lake/build/lib:/home/runner/work/Bachelor_Project_StefanLica/Bachelor_Project_StefanLica/.lake/packages/batteries/.lake/build/lib /home/runner/work/Bachelor_Project_StefanLica/Bachelor_Project_StefanLica/.lake/packages/doc-gen4/.lake/build/bin/doc-gen4 single --build /home/runner/work/Bachelor_Project_StefanLica/Bachelor_Project_StefanLica/docbuild/.lake/build Mathlib.Dynamics.PeriodicPts.Defs https://github.com/leanprover-community/mathlib4/blob/8e87a39073921d284b41aa374f987d1cb8389034/Mathlib/Dynamics/PeriodicPts/Defs.lean",
   "level": "trace"}],
 "inputs":
 [["<collection>",
   [["/home/runner/work/Bachelor_Project_StefanLica/Bachelor_Project_StefanLica/docbuild/.lake/build/doc/Batteries/Data/Nat/Gcd.html",
     "8746571772707046712"],
    ["/home/runner/work/Bachelor_Project_StefanLica/Bachelor_Project_StefanLica/docbuild/.lake/build/doc/Mathlib/Algebra/Group/Action/Defs.html",
     "9205591242241900910"],
    ["/home/runner/work/Bachelor_Project_StefanLica/Bachelor_Project_StefanLica/docbuild/.lake/build/doc/Mathlib/Algebra/Order/Group/Nat.html",
     "8655090045344576939"],
    ["/home/runner/work/Bachelor_Project_StefanLica/Bachelor_Project_StefanLica/docbuild/.lake/build/doc/Mathlib/Algebra/Order/Sub/Basic.html",
     "8066686227597479229"],
    ["/home/runner/work/Bachelor_Project_StefanLica/Bachelor_Project_StefanLica/docbuild/.lake/build/doc/Mathlib/Data/List/Cycle.html",
     "5455129675809760415"],
    ["/home/runner/work/Bachelor_Project_StefanLica/Bachelor_Project_StefanLica/docbuild/.lake/build/doc/Mathlib/Data/PNat/Notation.html",
     "7476715603883899501"],
    ["/home/runner/work/Bachelor_Project_StefanLica/Bachelor_Project_StefanLica/docbuild/.lake/build/doc/Mathlib/Dynamics/FixedPoints/Basic.html",
     "16957781926580404286"]]],
  ["/home/runner/work/Bachelor_Project_StefanLica/Bachelor_Project_StefanLica/docbuild/.lake/build/doc-data/references.json",
   "11893762902049086281"],
  ["/home/runner/work/Bachelor_Project_StefanLica/Bachelor_Project_StefanLica/.lake/packages/doc-gen4/.lake/build/bin/doc-gen4",
<<<<<<< HEAD
   "6275124044804967828"],
  ["Mathlib.Dynamics.PeriodicPts.Defs:leanArts", "3949095111729923896"]],
 "depHash": "7989320430670885589"}
=======
   "5744110298908036798"],
  ["Mathlib.Dynamics.PeriodicPts.Defs:leanArts", "3949095111729923896"]],
 "depHash": "2843674006690369486"}
>>>>>>> 77f06c7f (readme2)
