{"log":
 [{"message":
   ".> ELAN=elan ELAN_HOME=/home/runner/.elan ELAN_TOOLCHAIN=leanprover/lean4:v4.21.0-rc3 LAKE=/home/runner/.elan/toolchains/leanprover--lean4---v4.21.0-rc3/bin/lake LAKE_HOME=/home/runner/.elan/toolchains/leanprover--lean4---v4.21.0-rc3 LAKE_PKG_URL_MAP={} LEAN=/home/runner/.elan/toolchains/leanprover--lean4---v4.21.0-rc3/bin/lean LEAN_GITHASH=6741444a63eec253a7eae7a83f1beb3de015023d LEAN_SYSROOT=/home/runner/.elan/toolchains/leanprover--lean4---v4.21.0-rc3 LEAN_AR=/home/runner/.elan/toolchains/leanprover--lean4---v4.21.0-rc3/bin/llvm-ar LEAN_CC= LEAN_PATH=/home/runner/work/Bachelor_Project_StefanLica/Bachelor_Project_StefanLica/.lake/packages/batteries/.lake/build/lib/lean:/home/runner/work/Bachelor_Project_StefanLica/Bachelor_Project_StefanLica/.lake/packages/Qq/.lake/build/lib/lean:/home/runner/work/Bachelor_Project_StefanLica/Bachelor_Project_StefanLica/.lake/packages/aesop/.lake/build/lib/lean:/home/runner/work/Bachelor_Project_StefanLica/Bachelor_Project_StefanLica/.lake/packages/proofwidgets/.lake/build/lib/lean:/home/runner/work/Bachelor_Project_StefanLica/Bachelor_Project_StefanLica/.lake/packages/importGraph/.lake/build/lib/lean:/home/runner/work/Bachelor_Project_StefanLica/Bachelor_Project_StefanLica/.lake/packages/LeanSearchClient/.lake/build/lib/lean:/home/runner/work/Bachelor_Project_StefanLica/Bachelor_Project_StefanLica/.lake/packages/plausible/.lake/build/lib/lean:/home/runner/work/Bachelor_Project_StefanLica/Bachelor_Project_StefanLica/.lake/packages/mathlib/.lake/build/lib/lean:/home/runner/work/Bachelor_Project_StefanLica/Bachelor_Project_StefanLica/.lake/packages/MD4Lean/.lake/build/lib/lean:/home/runner/work/Bachelor_Project_StefanLica/Bachelor_Project_StefanLica/.lake/packages/BibtexQuery/.lake/build/lib/lean:/home/runner/work/Bachelor_Project_StefanLica/Bachelor_Project_StefanLica/.lake/packages/UnicodeBasic/.lake/build/lib/lean:/home/runner/work/Bachelor_Project_StefanLica/Bachelor_Project_StefanLica/.lake/packages/Cli/.lake/build/lib/lean:/home/runner/work/Bachelor_Project_StefanLica/Bachelor_Project_StefanLica/.lake/build/lib/lean:/home/runner/work/Bachelor_Project_StefanLica/Bachelor_Project_StefanLica/.lake/packages/doc-gen4/.lake/build/lib/lean:/home/runner/work/Bachelor_Project_StefanLica/Bachelor_Project_StefanLica/docbuild/.lake/build/lib/lean:/home/runner/.elan/toolchains/leanprover--lean4---v4.21.0-rc3/lib/lean LEAN_SRC_PATH=/home/runner/work/Bachelor_Project_StefanLica/Bachelor_Project_StefanLica/.lake/packages/batteries:/home/runner/work/Bachelor_Project_StefanLica/Bachelor_Project_StefanLica/.lake/packages/batteries:/home/runner/work/Bachelor_Project_StefanLica/Bachelor_Project_StefanLica/.lake/packages/Qq:/home/runner/work/Bachelor_Project_StefanLica/Bachelor_Project_StefanLica/.lake/packages/aesop:/home/runner/work/Bachelor_Project_StefanLica/Bachelor_Project_StefanLica/.lake/packages/aesop:/home/runner/work/Bachelor_Project_StefanLica/Bachelor_Project_StefanLica/.lake/packages/proofwidgets:/home/runner/work/Bachelor_Project_StefanLica/Bachelor_Project_StefanLica/.lake/packages/proofwidgets:/home/runner/work/Bachelor_Project_StefanLica/Bachelor_Project_StefanLica/.lake/packages/importGraph:/home/runner/work/Bachelor_Project_StefanLica/Bachelor_Project_StefanLica/.lake/packages/importGraph:/home/runner/work/Bachelor_Project_StefanLica/Bachelor_Project_StefanLica/.lake/packages/LeanSearchClient:/home/runner/work/Bachelor_Project_StefanLica/Bachelor_Project_StefanLica/.lake/packages/LeanSearchClient:/home/runner/work/Bachelor_Project_StefanLica/Bachelor_Project_StefanLica/.lake/packages/plausible:/home/runner/work/Bachelor_Project_StefanLica/Bachelor_Project_StefanLica/.lake/packages/plausible:/home/runner/work/Bachelor_Project_StefanLica/Bachelor_Project_StefanLica/.lake/packages/mathlib:/home/runner/work/Bachelor_Project_StefanLica/Bachelor_Project_StefanLica/.lake/packages/mathlib:/home/runner/work/Bachelor_Project_StefanLica/Bachelor_Project_StefanLica/.lake/packages/mathlib:/home/runner/work/Bachelor_Project_StefanLica/Bachelor_Project_StefanLica/.lake/packages/mathlib:/home/runner/work/Bachelor_Project_StefanLica/Bachelor_Project_StefanLica/.lake/packages/mathlib:/home/runner/work/Bachelor_Project_StefanLica/Bachelor_Project_StefanLica/.lake/packages/mathlib:/home/runner/work/Bachelor_Project_StefanLica/Bachelor_Project_StefanLica/.lake/packages/mathlib:/home/runner/work/Bachelor_Project_StefanLica/Bachelor_Project_StefanLica/.lake/packages/MD4Lean:/home/runner/work/Bachelor_Project_StefanLica/Bachelor_Project_StefanLica/.lake/packages/MD4Lean:/home/runner/work/Bachelor_Project_StefanLica/Bachelor_Project_StefanLica/.lake/packages/BibtexQuery:/home/runner/work/Bachelor_Project_StefanLica/Bachelor_Project_StefanLica/.lake/packages/UnicodeBasic:/home/runner/work/Bachelor_Project_StefanLica/Bachelor_Project_StefanLica/.lake/packages/UnicodeBasic:/home/runner/work/Bachelor_Project_StefanLica/Bachelor_Project_StefanLica/.lake/packages/Cli:/home/runner/work/Bachelor_Project_StefanLica/Bachelor_Project_StefanLica:/home/runner/work/Bachelor_Project_StefanLica/Bachelor_Project_StefanLica/.lake/packages/doc-gen4:/home/runner/.elan/toolchains/leanprover--lean4---v4.21.0-rc3/src/lean/lake PATH LD_LIBRARY_PATH=/home/runner/.elan/toolchains/leanprover--lean4---v4.21.0-rc3/lib/lean:/home/runner/.elan/toolchains/leanprover--lean4---v4.21.0-rc3/lib:/home/runner/work/Bachelor_Project_StefanLica/Bachelor_Project_StefanLica/docbuild/.lake/build/lib:/home/runner/work/Bachelor_Project_StefanLica/Bachelor_Project_StefanLica/.lake/packages/doc-gen4/.lake/build/lib:/home/runner/work/Bachelor_Project_StefanLica/Bachelor_Project_StefanLica/.lake/build/lib:/home/runner/work/Bachelor_Project_StefanLica/Bachelor_Project_StefanLica/.lake/packages/Cli/.lake/build/lib:/home/runner/work/Bachelor_Project_StefanLica/Bachelor_Project_StefanLica/.lake/packages/UnicodeBasic/.lake/build/lib:/home/runner/work/Bachelor_Project_StefanLica/Bachelor_Project_StefanLica/.lake/packages/BibtexQuery/.lake/build/lib:/home/runner/work/Bachelor_Project_StefanLica/Bachelor_Project_StefanLica/.lake/packages/MD4Lean/.lake/build/lib:/home/runner/work/Bachelor_Project_StefanLica/Bachelor_Project_StefanLica/.lake/packages/mathlib/.lake/build/lib:/home/runner/work/Bachelor_Project_StefanLica/Bachelor_Project_StefanLica/.lake/packages/plausible/.lake/build/lib:/home/runner/work/Bachelor_Project_StefanLica/Bachelor_Project_StefanLica/.lake/packages/LeanSearchClient/.lake/build/lib:/home/runner/work/Bachelor_Project_StefanLica/Bachelor_Project_StefanLica/.lake/packages/importGraph/.lake/build/lib:/home/runner/work/Bachelor_Project_StefanLica/Bachelor_Project_StefanLica/.lake/packages/proofwidgets/.lake/build/lib:/home/runner/work/Bachelor_Project_StefanLica/Bachelor_Project_StefanLica/.lake/packages/aesop/.lake/build/lib:/home/runner/work/Bachelor_Project_StefanLica/Bachelor_Project_StefanLica/.lake/packages/Qq/.lake/build/lib:/home/runner/work/Bachelor_Project_StefanLica/Bachelor_Project_StefanLica/.lake/packages/batteries/.lake/build/lib /home/runner/work/Bachelor_Project_StefanLica/Bachelor_Project_StefanLica/.lake/packages/doc-gen4/.lake/build/bin/doc-gen4 single --build /home/runner/work/Bachelor_Project_StefanLica/Bachelor_Project_StefanLica/docbuild/.lake/build Mathlib.GroupTheory.Perm.Sign https://github.com/leanprover-community/mathlib4/blob/8e87a39073921d284b41aa374f987d1cb8389034/Mathlib/GroupTheory/Perm/Sign.lean",
   "level": "trace"}],
 "inputs":
 [["<collection>",
   [["/home/runner/work/Bachelor_Project_StefanLica/Bachelor_Project_StefanLica/docbuild/.lake/build/doc/Mathlib/Algebra/Group/Conj.html",
     "11025117268537107177"],
    ["/home/runner/work/Bachelor_Project_StefanLica/Bachelor_Project_StefanLica/docbuild/.lake/build/doc/Mathlib/Algebra/Group/Subgroup/Lattice.html",
     "11863911679445488057"],
    ["/home/runner/work/Bachelor_Project_StefanLica/Bachelor_Project_StefanLica/docbuild/.lake/build/doc/Mathlib/Algebra/Group/Submonoid/BigOperators.html",
     "13880479719790813653"],
    ["/home/runner/work/Bachelor_Project_StefanLica/Bachelor_Project_StefanLica/docbuild/.lake/build/doc/Mathlib/Data/Finset/Fin.html",
     "14598962063412463659"],
    ["/home/runner/work/Bachelor_Project_StefanLica/Bachelor_Project_StefanLica/docbuild/.lake/build/doc/Mathlib/Data/Finset/Sort.html",
     "1422790162680698885"],
    ["/home/runner/work/Bachelor_Project_StefanLica/Bachelor_Project_StefanLica/docbuild/.lake/build/doc/Mathlib/Data/Fintype/Perm.html",
     "3609836517473552197"],
    ["/home/runner/work/Bachelor_Project_StefanLica/Bachelor_Project_StefanLica/docbuild/.lake/build/doc/Mathlib/Data/Fintype/Prod.html",
     "12966022496342392286"],
    ["/home/runner/work/Bachelor_Project_StefanLica/Bachelor_Project_StefanLica/docbuild/.lake/build/doc/Mathlib/Data/Fintype/Sum.html",
     "5425952711473064958"],
    ["/home/runner/work/Bachelor_Project_StefanLica/Bachelor_Project_StefanLica/docbuild/.lake/build/doc/Mathlib/Data/Int/Order/Units.html",
     "7833410682857664334"],
    ["/home/runner/work/Bachelor_Project_StefanLica/Bachelor_Project_StefanLica/docbuild/.lake/build/doc/Mathlib/GroupTheory/Perm/Support.html",
     "13208409661082656261"],
    ["/home/runner/work/Bachelor_Project_StefanLica/Bachelor_Project_StefanLica/docbuild/.lake/build/doc/Mathlib/Logic/Equiv/Fin/Basic.html",
     "10094365030255437400"],
    ["/home/runner/work/Bachelor_Project_StefanLica/Bachelor_Project_StefanLica/docbuild/.lake/build/doc/Mathlib/Logic/Equiv/Fintype.html",
     "5736553356035516076"],
    ["/home/runner/work/Bachelor_Project_StefanLica/Bachelor_Project_StefanLica/docbuild/.lake/build/doc/Mathlib/Tactic/NormNum/Ineq.html",
     "10520012161372904129"],
    ["/home/runner/work/Bachelor_Project_StefanLica/Bachelor_Project_StefanLica/docbuild/.lake/build/doc/Mathlib/Data/Finset/Sigma.html",
     "13618002019340640418"]]],
  ["/home/runner/work/Bachelor_Project_StefanLica/Bachelor_Project_StefanLica/docbuild/.lake/build/doc-data/references.json",
   "11893762902049086281"],
  ["/home/runner/work/Bachelor_Project_StefanLica/Bachelor_Project_StefanLica/.lake/packages/doc-gen4/.lake/build/bin/doc-gen4",
   "11142925072090225432"],
  ["Mathlib.GroupTheory.Perm.Sign:leanArts", "9249438359353010032"]],
 "depHash": "16089430695109194865"}