{"log":
 [{"message": "Documentation indexing", "level": "info"},
  {"message":
   ".> /home/runner/work/Bachelor_Project_StefanLica/Bachelor_Project_StefanLica/.lake/packages/doc-gen4/.lake/build/bin/doc-gen4 index --build /home/runner/work/Bachelor_Project_StefanLica/Bachelor_Project_StefanLica/docbuild/.lake/build",
   "level": "trace"}],
 "inputs":
 [["/home/runner/work/Bachelor_Project_StefanLica/Bachelor_Project_StefanLica/.lake/packages/doc-gen4/.lake/build/bin/doc-gen4",
   "6275124044804967828"],
  ["<nil>", "14590866244655749218"],
  ["<collection>",
   [["/home/runner/work/Bachelor_Project_StefanLica/Bachelor_Project_StefanLica/docbuild/.lake/build/doc/Bachelor_Project_StefanLica/Lemmas.html",
     "13141567357128797611"],
    ["/home/runner/work/Bachelor_Project_StefanLica/Bachelor_Project_StefanLica/docbuild/.lake/build/doc/Bachelor_Project_StefanLica/abc_variants.html",
     "2962740722227168721"],
    ["/home/runner/work/Bachelor_Project_StefanLica/Bachelor_Project_StefanLica/docbuild/.lake/build/doc/Bachelor_Project_StefanLica/weak_abc_imp_Brocard_problem.html",
     "12802628458825172555"],
    ["/home/runner/work/Bachelor_Project_StefanLica/Bachelor_Project_StefanLica/docbuild/.lake/build/doc/Bachelor_Project_StefanLica/abc_Z_imp_general_Brocard.html",
     "9137151187804601738"],
    ["/home/runner/work/Bachelor_Project_StefanLica/Bachelor_Project_StefanLica/docbuild/.lake/build/doc/Bachelor_Project_StefanLica/version_over_rationals.html",
     "12794735354661627681"],
    ["/home/runner/work/Bachelor_Project_StefanLica/Bachelor_Project_StefanLica/docbuild/.lake/build/doc/Bachelor_Project_StefanLica.html",
     "5214139837996727747"]]]],
 "depHash": "3560385874658904286"}