{"log":
 [{"message":
   ".> ELAN=elan ELAN_HOME=/Users/stefanlica/.elan ELAN_TOOLCHAIN=leanprover/lean4:v4.21.0-rc3 LAKE=/Users/stefanlica/.elan/toolchains/leanprover--lean4---v4.21.0-rc3/bin/lake LAKE_HOME=/Users/stefanlica/.elan/toolchains/leanprover--lean4---v4.21.0-rc3 LAKE_PKG_URL_MAP={} LEAN=/Users/stefanlica/.elan/toolchains/leanprover--lean4---v4.21.0-rc3/bin/lean LEAN_GITHASH=6741444a63eec253a7eae7a83f1beb3de015023d LEAN_SYSROOT=/Users/stefanlica/.elan/toolchains/leanprover--lean4---v4.21.0-rc3 LEAN_AR=/Users/stefanlica/.elan/toolchains/leanprover--lean4---v4.21.0-rc3/bin/llvm-ar LEAN_CC= LEAN_PATH=/Users/stefanlica/Desktop/Bachelor_Project_StefanLica/.lake/packages/batteries/.lake/build/lib/lean:/Users/stefanlica/Desktop/Bachelor_Project_StefanLica/.lake/packages/Qq/.lake/build/lib/lean:/Users/stefanlica/Desktop/Bachelor_Project_StefanLica/.lake/packages/aesop/.lake/build/lib/lean:/Users/stefanlica/Desktop/Bachelor_Project_StefanLica/.lake/packages/proofwidgets/.lake/build/lib/lean:/Users/stefanlica/Desktop/Bachelor_Project_StefanLica/.lake/packages/importGraph/.lake/build/lib/lean:/Users/stefanlica/Desktop/Bachelor_Project_StefanLica/.lake/packages/LeanSearchClient/.lake/build/lib/lean:/Users/stefanlica/Desktop/Bachelor_Project_StefanLica/.lake/packages/plausible/.lake/build/lib/lean:/Users/stefanlica/Desktop/Bachelor_Project_StefanLica/.lake/packages/mathlib/.lake/build/lib/lean:/Users/stefanlica/Desktop/Bachelor_Project_StefanLica/.lake/packages/MD4Lean/.lake/build/lib/lean:/Users/stefanlica/Desktop/Bachelor_Project_StefanLica/.lake/packages/BibtexQuery/.lake/build/lib/lean:/Users/stefanlica/Desktop/Bachelor_Project_StefanLica/.lake/packages/UnicodeBasic/.lake/build/lib/lean:/Users/stefanlica/Desktop/Bachelor_Project_StefanLica/.lake/packages/Cli/.lake/build/lib/lean:/Users/stefanlica/Desktop/Bachelor_Project_StefanLica/.lake/build/lib/lean:/Users/stefanlica/Desktop/Bachelor_Project_StefanLica/.lake/packages/doc-gen4/.lake/build/lib/lean:/Users/stefanlica/Desktop/Bachelor_Project_StefanLica/docbuild/.lake/build/lib/lean:/Users/stefanlica/.elan/toolchains/leanprover--lean4---v4.21.0-rc3/lib/lean LEAN_SRC_PATH=/Users/stefanlica/Desktop/Bachelor_Project_StefanLica/.lake/packages/batteries:/Users/stefanlica/Desktop/Bachelor_Project_StefanLica/.lake/packages/batteries:/Users/stefanlica/Desktop/Bachelor_Project_StefanLica/.lake/packages/Qq:/Users/stefanlica/Desktop/Bachelor_Project_StefanLica/.lake/packages/aesop:/Users/stefanlica/Desktop/Bachelor_Project_StefanLica/.lake/packages/aesop:/Users/stefanlica/Desktop/Bachelor_Project_StefanLica/.lake/packages/proofwidgets:/Users/stefanlica/Desktop/Bachelor_Project_StefanLica/.lake/packages/proofwidgets:/Users/stefanlica/Desktop/Bachelor_Project_StefanLica/.lake/packages/importGraph:/Users/stefanlica/Desktop/Bachelor_Project_StefanLica/.lake/packages/importGraph:/Users/stefanlica/Desktop/Bachelor_Project_StefanLica/.lake/packages/LeanSearchClient:/Users/stefanlica/Desktop/Bachelor_Project_StefanLica/.lake/packages/LeanSearchClient:/Users/stefanlica/Desktop/Bachelor_Project_StefanLica/.lake/packages/plausible:/Users/stefanlica/Desktop/Bachelor_Project_StefanLica/.lake/packages/plausible:/Users/stefanlica/Desktop/Bachelor_Project_StefanLica/.lake/packages/mathlib:/Users/stefanlica/Desktop/Bachelor_Project_StefanLica/.lake/packages/mathlib:/Users/stefanlica/Desktop/Bachelor_Project_StefanLica/.lake/packages/mathlib:/Users/stefanlica/Desktop/Bachelor_Project_StefanLica/.lake/packages/mathlib:/Users/stefanlica/Desktop/Bachelor_Project_StefanLica/.lake/packages/mathlib:/Users/stefanlica/Desktop/Bachelor_Project_StefanLica/.lake/packages/mathlib:/Users/stefanlica/Desktop/Bachelor_Project_StefanLica/.lake/packages/mathlib:/Users/stefanlica/Desktop/Bachelor_Project_StefanLica/.lake/packages/MD4Lean:/Users/stefanlica/Desktop/Bachelor_Project_StefanLica/.lake/packages/MD4Lean:/Users/stefanlica/Desktop/Bachelor_Project_StefanLica/.lake/packages/BibtexQuery:/Users/stefanlica/Desktop/Bachelor_Project_StefanLica/.lake/packages/UnicodeBasic:/Users/stefanlica/Desktop/Bachelor_Project_StefanLica/.lake/packages/UnicodeBasic:/Users/stefanlica/Desktop/Bachelor_Project_StefanLica/.lake/packages/Cli:/Users/stefanlica/Desktop/Bachelor_Project_StefanLica:/Users/stefanlica/Desktop/Bachelor_Project_StefanLica/.lake/packages/doc-gen4:/Users/stefanlica/.elan/toolchains/leanprover--lean4---v4.21.0-rc3/src/lean/lake PATH DYLD_LIBRARY_PATH=/Users/stefanlica/.elan/toolchains/leanprover--lean4---v4.21.0-rc3/lib/lean:/Users/stefanlica/.elan/toolchains/leanprover--lean4---v4.21.0-rc3/lib:/Users/stefanlica/Desktop/Bachelor_Project_StefanLica/docbuild/.lake/build/lib:/Users/stefanlica/Desktop/Bachelor_Project_StefanLica/.lake/packages/doc-gen4/.lake/build/lib:/Users/stefanlica/Desktop/Bachelor_Project_StefanLica/.lake/build/lib:/Users/stefanlica/Desktop/Bachelor_Project_StefanLica/.lake/packages/Cli/.lake/build/lib:/Users/stefanlica/Desktop/Bachelor_Project_StefanLica/.lake/packages/UnicodeBasic/.lake/build/lib:/Users/stefanlica/Desktop/Bachelor_Project_StefanLica/.lake/packages/BibtexQuery/.lake/build/lib:/Users/stefanlica/Desktop/Bachelor_Project_StefanLica/.lake/packages/MD4Lean/.lake/build/lib:/Users/stefanlica/Desktop/Bachelor_Project_StefanLica/.lake/packages/mathlib/.lake/build/lib:/Users/stefanlica/Desktop/Bachelor_Project_StefanLica/.lake/packages/plausible/.lake/build/lib:/Users/stefanlica/Desktop/Bachelor_Project_StefanLica/.lake/packages/LeanSearchClient/.lake/build/lib:/Users/stefanlica/Desktop/Bachelor_Project_StefanLica/.lake/packages/importGraph/.lake/build/lib:/Users/stefanlica/Desktop/Bachelor_Project_StefanLica/.lake/packages/proofwidgets/.lake/build/lib:/Users/stefanlica/Desktop/Bachelor_Project_StefanLica/.lake/packages/aesop/.lake/build/lib:/Users/stefanlica/Desktop/Bachelor_Project_StefanLica/.lake/packages/Qq/.lake/build/lib:/Users/stefanlica/Desktop/Bachelor_Project_StefanLica/.lake/packages/batteries/.lake/build/lib /Users/stefanlica/Desktop/Bachelor_Project_StefanLica/.lake/packages/doc-gen4/.lake/build/bin/doc-gen4 single --build /Users/stefanlica/Desktop/Bachelor_Project_StefanLica/docbuild/.lake/build Mathlib.LinearAlgebra.Matrix.ToLin https://github.com/leanprover-community/mathlib4/blob/8e87a39073921d284b41aa374f987d1cb8389034/Mathlib/LinearAlgebra/Matrix/ToLin.lean",
   "level": "trace"}],
 "inputs":
 [["<collection>",
   [["/Users/stefanlica/Desktop/Bachelor_Project_StefanLica/docbuild/.lake/build/doc/Mathlib/Algebra/Algebra/Subalgebra/Tower.html",
     "1488923759955947654"],
    ["/Users/stefanlica/Desktop/Bachelor_Project_StefanLica/docbuild/.lake/build/doc/Mathlib/Data/Finite/Sum.html",
     "5550440018619527268"],
    ["/Users/stefanlica/Desktop/Bachelor_Project_StefanLica/docbuild/.lake/build/doc/Mathlib/Data/Matrix/Block.html",
     "16316085304620179675"],
    ["/Users/stefanlica/Desktop/Bachelor_Project_StefanLica/docbuild/.lake/build/doc/Mathlib/Data/Matrix/Notation.html",
     "1069376380913232131"],
    ["/Users/stefanlica/Desktop/Bachelor_Project_StefanLica/docbuild/.lake/build/doc/Mathlib/LinearAlgebra/Basis/Basic.html",
     "15690970436869673050"],
    ["/Users/stefanlica/Desktop/Bachelor_Project_StefanLica/docbuild/.lake/build/doc/Mathlib/LinearAlgebra/Basis/Fin.html",
     "7692527626074967462"],
    ["/Users/stefanlica/Desktop/Bachelor_Project_StefanLica/docbuild/.lake/build/doc/Mathlib/LinearAlgebra/Basis/Prod.html",
     "9386835930812730507"],
    ["/Users/stefanlica/Desktop/Bachelor_Project_StefanLica/docbuild/.lake/build/doc/Mathlib/LinearAlgebra/Basis/SMul.html",
     "576436729138143315"],
    ["/Users/stefanlica/Desktop/Bachelor_Project_StefanLica/docbuild/.lake/build/doc/Mathlib/LinearAlgebra/Matrix/StdBasis.html",
     "3993277230790632767"],
    ["/Users/stefanlica/Desktop/Bachelor_Project_StefanLica/docbuild/.lake/build/doc/Mathlib/RingTheory/AlgebraTower.html",
     "4688309058750252530"],
    ["/Users/stefanlica/Desktop/Bachelor_Project_StefanLica/docbuild/.lake/build/doc/Mathlib/RingTheory/Ideal/Span.html",
     "5862627887565311186"]]],
  ["/Users/stefanlica/Desktop/Bachelor_Project_StefanLica/docbuild/.lake/build/doc-data/references.json",
   "11893762902049086281"],
  ["/Users/stefanlica/Desktop/Bachelor_Project_StefanLica/.lake/packages/doc-gen4/.lake/build/bin/doc-gen4",
   "3606292402486186840"],
  ["Mathlib.LinearAlgebra.Matrix.ToLin:leanArts", "5518734888506780808"]],
 "depHash": "7537004793884426126"}