{"log":
 [{"message":
   ".> ELAN=elan ELAN_HOME=/Users/stefanlica/.elan ELAN_TOOLCHAIN=leanprover/lean4:v4.21.0-rc3 LAKE=/Users/stefanlica/.elan/toolchains/leanprover--lean4---v4.21.0-rc3/bin/lake LAKE_HOME=/Users/stefanlica/.elan/toolchains/leanprover--lean4---v4.21.0-rc3 LAKE_PKG_URL_MAP={} LEAN=/Users/stefanlica/.elan/toolchains/leanprover--lean4---v4.21.0-rc3/bin/lean LEAN_GITHASH=6741444a63eec253a7eae7a83f1beb3de015023d LEAN_SYSROOT=/Users/stefanlica/.elan/toolchains/leanprover--lean4---v4.21.0-rc3 LEAN_AR=/Users/stefanlica/.elan/toolchains/leanprover--lean4---v4.21.0-rc3/bin/llvm-ar LEAN_CC= LEAN_PATH=/Users/stefanlica/Desktop/Bachelor_Project_StefanLica/.lake/packages/batteries/.lake/build/lib/lean:/Users/stefanlica/Desktop/Bachelor_Project_StefanLica/.lake/packages/Qq/.lake/build/lib/lean:/Users/stefanlica/Desktop/Bachelor_Project_StefanLica/.lake/packages/aesop/.lake/build/lib/lean:/Users/stefanlica/Desktop/Bachelor_Project_StefanLica/.lake/packages/proofwidgets/.lake/build/lib/lean:/Users/stefanlica/Desktop/Bachelor_Project_StefanLica/.lake/packages/importGraph/.lake/build/lib/lean:/Users/stefanlica/Desktop/Bachelor_Project_StefanLica/.lake/packages/LeanSearchClient/.lake/build/lib/lean:/Users/stefanlica/Desktop/Bachelor_Project_StefanLica/.lake/packages/plausible/.lake/build/lib/lean:/Users/stefanlica/Desktop/Bachelor_Project_StefanLica/.lake/packages/mathlib/.lake/build/lib/lean:/Users/stefanlica/Desktop/Bachelor_Project_StefanLica/.lake/packages/MD4Lean/.lake/build/lib/lean:/Users/stefanlica/Desktop/Bachelor_Project_StefanLica/.lake/packages/BibtexQuery/.lake/build/lib/lean:/Users/stefanlica/Desktop/Bachelor_Project_StefanLica/.lake/packages/UnicodeBasic/.lake/build/lib/lean:/Users/stefanlica/Desktop/Bachelor_Project_StefanLica/.lake/packages/Cli/.lake/build/lib/lean:/Users/stefanlica/Desktop/Bachelor_Project_StefanLica/.lake/build/lib/lean:/Users/stefanlica/Desktop/Bachelor_Project_StefanLica/.lake/packages/doc-gen4/.lake/build/lib/lean:/Users/stefanlica/Desktop/Bachelor_Project_StefanLica/docbuild/.lake/build/lib/lean:/Users/stefanlica/.elan/toolchains/leanprover--lean4---v4.21.0-rc3/lib/lean LEAN_SRC_PATH=/Users/stefanlica/Desktop/Bachelor_Project_StefanLica/.lake/packages/batteries:/Users/stefanlica/Desktop/Bachelor_Project_StefanLica/.lake/packages/batteries:/Users/stefanlica/Desktop/Bachelor_Project_StefanLica/.lake/packages/Qq:/Users/stefanlica/Desktop/Bachelor_Project_StefanLica/.lake/packages/aesop:/Users/stefanlica/Desktop/Bachelor_Project_StefanLica/.lake/packages/aesop:/Users/stefanlica/Desktop/Bachelor_Project_StefanLica/.lake/packages/proofwidgets:/Users/stefanlica/Desktop/Bachelor_Project_StefanLica/.lake/packages/proofwidgets:/Users/stefanlica/Desktop/Bachelor_Project_StefanLica/.lake/packages/importGraph:/Users/stefanlica/Desktop/Bachelor_Project_StefanLica/.lake/packages/importGraph:/Users/stefanlica/Desktop/Bachelor_Project_StefanLica/.lake/packages/LeanSearchClient:/Users/stefanlica/Desktop/Bachelor_Project_StefanLica/.lake/packages/LeanSearchClient:/Users/stefanlica/Desktop/Bachelor_Project_StefanLica/.lake/packages/plausible:/Users/stefanlica/Desktop/Bachelor_Project_StefanLica/.lake/packages/plausible:/Users/stefanlica/Desktop/Bachelor_Project_StefanLica/.lake/packages/mathlib:/Users/stefanlica/Desktop/Bachelor_Project_StefanLica/.lake/packages/mathlib:/Users/stefanlica/Desktop/Bachelor_Project_StefanLica/.lake/packages/mathlib:/Users/stefanlica/Desktop/Bachelor_Project_StefanLica/.lake/packages/mathlib:/Users/stefanlica/Desktop/Bachelor_Project_StefanLica/.lake/packages/mathlib:/Users/stefanlica/Desktop/Bachelor_Project_StefanLica/.lake/packages/mathlib:/Users/stefanlica/Desktop/Bachelor_Project_StefanLica/.lake/packages/mathlib:/Users/stefanlica/Desktop/Bachelor_Project_StefanLica/.lake/packages/MD4Lean:/Users/stefanlica/Desktop/Bachelor_Project_StefanLica/.lake/packages/MD4Lean:/Users/stefanlica/Desktop/Bachelor_Project_StefanLica/.lake/packages/BibtexQuery:/Users/stefanlica/Desktop/Bachelor_Project_StefanLica/.lake/packages/UnicodeBasic:/Users/stefanlica/Desktop/Bachelor_Project_StefanLica/.lake/packages/UnicodeBasic:/Users/stefanlica/Desktop/Bachelor_Project_StefanLica/.lake/packages/Cli:/Users/stefanlica/Desktop/Bachelor_Project_StefanLica:/Users/stefanlica/Desktop/Bachelor_Project_StefanLica/.lake/packages/doc-gen4:/Users/stefanlica/.elan/toolchains/leanprover--lean4---v4.21.0-rc3/src/lean/lake PATH DYLD_LIBRARY_PATH=/Users/stefanlica/.elan/toolchains/leanprover--lean4---v4.21.0-rc3/lib/lean:/Users/stefanlica/.elan/toolchains/leanprover--lean4---v4.21.0-rc3/lib:/Users/stefanlica/Desktop/Bachelor_Project_StefanLica/docbuild/.lake/build/lib:/Users/stefanlica/Desktop/Bachelor_Project_StefanLica/.lake/packages/doc-gen4/.lake/build/lib:/Users/stefanlica/Desktop/Bachelor_Project_StefanLica/.lake/build/lib:/Users/stefanlica/Desktop/Bachelor_Project_StefanLica/.lake/packages/Cli/.lake/build/lib:/Users/stefanlica/Desktop/Bachelor_Project_StefanLica/.lake/packages/UnicodeBasic/.lake/build/lib:/Users/stefanlica/Desktop/Bachelor_Project_StefanLica/.lake/packages/BibtexQuery/.lake/build/lib:/Users/stefanlica/Desktop/Bachelor_Project_StefanLica/.lake/packages/MD4Lean/.lake/build/lib:/Users/stefanlica/Desktop/Bachelor_Project_StefanLica/.lake/packages/mathlib/.lake/build/lib:/Users/stefanlica/Desktop/Bachelor_Project_StefanLica/.lake/packages/plausible/.lake/build/lib:/Users/stefanlica/Desktop/Bachelor_Project_StefanLica/.lake/packages/LeanSearchClient/.lake/build/lib:/Users/stefanlica/Desktop/Bachelor_Project_StefanLica/.lake/packages/importGraph/.lake/build/lib:/Users/stefanlica/Desktop/Bachelor_Project_StefanLica/.lake/packages/proofwidgets/.lake/build/lib:/Users/stefanlica/Desktop/Bachelor_Project_StefanLica/.lake/packages/aesop/.lake/build/lib:/Users/stefanlica/Desktop/Bachelor_Project_StefanLica/.lake/packages/Qq/.lake/build/lib:/Users/stefanlica/Desktop/Bachelor_Project_StefanLica/.lake/packages/batteries/.lake/build/lib /Users/stefanlica/Desktop/Bachelor_Project_StefanLica/.lake/packages/doc-gen4/.lake/build/bin/doc-gen4 single --build /Users/stefanlica/Desktop/Bachelor_Project_StefanLica/docbuild/.lake/build Mathlib.Analysis.SpecificLimits.Normed https://github.com/leanprover-community/mathlib4/blob/8e87a39073921d284b41aa374f987d1cb8389034/Mathlib/Analysis/SpecificLimits/Normed.lean",
   "level": "trace"}],
 "inputs":
 [["<collection>",
   [["/Users/stefanlica/Desktop/Bachelor_Project_StefanLica/docbuild/.lake/build/doc/Mathlib/Algebra/BigOperators/Module.html",
     "394055804563195592"],
    ["/Users/stefanlica/Desktop/Bachelor_Project_StefanLica/docbuild/.lake/build/doc/Mathlib/Algebra/Order/Field/Power.html",
     "15446588764657583357"],
    ["/Users/stefanlica/Desktop/Bachelor_Project_StefanLica/docbuild/.lake/build/doc/Mathlib/Algebra/Polynomial/Monic.html",
     "16043451546411422379"],
    ["/Users/stefanlica/Desktop/Bachelor_Project_StefanLica/docbuild/.lake/build/doc/Mathlib/Analysis/Asymptotics/Lemmas.html",
     "2384722230986349894"],
    ["/Users/stefanlica/Desktop/Bachelor_Project_StefanLica/docbuild/.lake/build/doc/Mathlib/Analysis/Normed/Ring/InfiniteSum.html",
     "17597419663823448515"],
    ["/Users/stefanlica/Desktop/Bachelor_Project_StefanLica/docbuild/.lake/build/doc/Mathlib/Analysis/Normed/Module/Basic.html",
     "13596091919410693496"],
    ["/Users/stefanlica/Desktop/Bachelor_Project_StefanLica/docbuild/.lake/build/doc/Mathlib/Analysis/Normed/Order/Lattice.html",
     "8976278130266957302"],
    ["/Users/stefanlica/Desktop/Bachelor_Project_StefanLica/docbuild/.lake/build/doc/Mathlib/Analysis/SpecificLimits/Basic.html",
     "12416415140707032176"],
    ["/Users/stefanlica/Desktop/Bachelor_Project_StefanLica/docbuild/.lake/build/doc/Mathlib/Data/List/TFAE.html",
     "15844134522577103609"],
    ["/Users/stefanlica/Desktop/Bachelor_Project_StefanLica/docbuild/.lake/build/doc/Mathlib/Data/Nat/Choose/Bounds.html",
     "5427827557883493947"],
    ["/Users/stefanlica/Desktop/Bachelor_Project_StefanLica/docbuild/.lake/build/doc/Mathlib/Order/Filter/AtTopBot/ModEq.html",
     "17961071808652698160"],
    ["/Users/stefanlica/Desktop/Bachelor_Project_StefanLica/docbuild/.lake/build/doc/Mathlib/RingTheory/Polynomial/Pochhammer.html",
     "16906769948000510860"],
    ["/Users/stefanlica/Desktop/Bachelor_Project_StefanLica/docbuild/.lake/build/doc/Mathlib/Tactic/NoncommRing.html",
     "12555438941316598009"]]],
  ["/Users/stefanlica/Desktop/Bachelor_Project_StefanLica/docbuild/.lake/build/doc-data/references.json",
   "11893762902049086281"],
  ["/Users/stefanlica/Desktop/Bachelor_Project_StefanLica/.lake/packages/doc-gen4/.lake/build/bin/doc-gen4",
   "3606292402486186840"],
  ["Mathlib.Analysis.SpecificLimits.Normed:leanArts", "8063279963897107246"]],
 "depHash": "17650211344935221843"}